# JRE version: OpenJDK Runtime Environment (21.0.5) (build 21.0.5+-13047016-b750.29)
# Java VM: OpenJDK 64-Bit Server VM (21.0.5+-13047016-b750.29, mixed mode, tiered, compressed oops, compressed class ptrs, g1 gc, windows-amd64)
GC Precious Log:
 CardTable entry size: 512
 Card Set container configuration: InlinePtr #cards 5 size 8 Array Of Cards #cards 12 size 40 Howl #buckets 4 coarsen threshold 1843 Howl Bitmap #cards 512 size 80 coarsen threshold 460 Card regions per heap region 1 cards per card region 2048
 CPUs: 4 total, 4 available
 Memory: 7966M
 Large Page Support: Disabled
 NUMA Support: Disabled
 Compressed Oops: Enabled (32-bit)
 Heap Region Size: 1M
 Heap Min Capacity: 8M
 Heap Initial Capacity: 126M
 Heap Max Capacity: 2G
 Pre-touch: Disabled
 Parallel Workers: 4
 Concurrent Workers: 1
 Concurrent Refinement Workers: 4
 Periodic GC: Disabled
Heap:
 garbage-first heap   total 299008K, used 148901K [0x0000000080000000, 0x0000000100000000)
  region size 1024K, 1 young (1024K), 1 survivors (1024K)
 Metaspace       used 151376K, committed 155968K, reserved 1245184K
  class space    used 19616K, committed 21504K, reserved 1048576K
GC Heap History (20 events):
Event: 2293.758 GC heap after
{Heap after GC invocations=84 (full 0):
 garbage-first heap   total 250880K, used 162476K [0x0000000080000000, 0x0000000100000000)
  region size 1024K, 10 young (10240K), 10 survivors (10240K)
 Metaspace       used 153128K, committed 155584K, reserved 1245184K
  class space    used 20258K, committed 21504K, reserved 1048576K
}
Event: 2322.842 GC heap before
{Heap before GC invocations=84 (full 0):
 garbage-first heap   total 250880K, used 223916K [0x0000000080000000, 0x0000000100000000)
  region size 1024K, 71 young (72704K), 10 survivors (10240K)
 Metaspace       used 153212K, committed 155648K, reserved 1245184K
  class space    used 20258K, committed 21504K, reserved 1048576K
}
Event: 2322.947 GC heap after
{Heap after GC invocations=85 (full 0):
 garbage-first heap   total 250880K, used 168618K [0x0000000080000000, 0x0000000100000000)
  region size 1024K, 6 young (6144K), 6 survivors (6144K)
 Metaspace       used 153212K, committed 155648K, reserved 1245184K
  class space    used 20258K, committed 21504K, reserved 1048576K
}
Event: 2323.450 GC heap before
{Heap before GC invocations=85 (full 0):
 garbage-first heap   total 250880K, used 230058K [0x0000000080000000, 0x0000000100000000)
  region size 1024K, 66 young (67584K), 6 survivors (6144K)
 Metaspace       used 153233K, committed 155776K, reserved 1245184K
  class space    used 20258K, committed 21504K, reserved 1048576K
}
Event: 2323.476 GC heap after
{Heap after GC invocations=86 (full 0):
 garbage-first heap   total 250880K, used 168225K [0x0000000080000000, 0x0000000100000000)
  region size 1024K, 2 young (2048K), 2 survivors (2048K)
 Metaspace       used 153233K, committed 155776K, reserved 1245184K
  class space    used 20258K, committed 21504K, reserved 1048576K
}
Event: 2324.619 GC heap before
{Heap before GC invocations=86 (full 0):
 garbage-first heap   total 250880K, used 232737K [0x0000000080000000, 0x0000000100000000)
  region size 1024K, 65 young (66560K), 2 survivors (2048K)
 Metaspace       used 153297K, committed 155840K, reserved 1245184K
  class space    used 20258K, committed 21504K, reserved 1048576K
}
Event: 2324.648 GC heap after
{Heap after GC invocations=87 (full 0):
 garbage-first heap   total 250880K, used 169567K [0x0000000080000000, 0x0000000100000000)
  region size 1024K, 3 young (3072K), 3 survivors (3072K)
 Metaspace       used 153297K, committed 155840K, reserved 1245184K
  class space    used 20258K, committed 21504K, reserved 1048576K
}
Event: 2328.050 GC heap before
{Heap before GC invocations=87 (full 0):
 garbage-first heap   total 275456K, used 226911K [0x0000000080000000, 0x0000000100000000)
  region size 1024K, 65 young (66560K), 3 survivors (3072K)
 Metaspace       used 150473K, committed 155840K, reserved 1245184K
  class space    used 19587K, committed 21504K, reserved 1048576K
}
Event: 2328.082 GC heap after
{Heap after GC invocations=88 (full 0):
 garbage-first heap   total 275456K, used 164833K [0x0000000080000000, 0x0000000100000000)
  region size 1024K, 3 young (3072K), 3 survivors (3072K)
 Metaspace       used 150473K, committed 155840K, reserved 1245184K
  class space    used 19587K, committed 21504K, reserved 1048576K
}
Event: 2335.340 GC heap before
{Heap before GC invocations=89 (full 0):
 garbage-first heap   total 293888K, used 292833K [0x0000000080000000, 0x0000000100000000)
  region size 1024K, 87 young (89088K), 3 survivors (3072K)
 Metaspace       used 150791K, committed 155904K, reserved 1245184K
  class space    used 19603K, committed 21504K, reserved 1048576K
}
Event: 2335.345 GC heap after
{Heap after GC invocations=90 (full 0):
 garbage-first heap   total 295936K, used 163070K [0x0000000080000000, 0x0000000100000000)
  region size 1024K, 2 young (2048K), 2 survivors (2048K)
 Metaspace       used 150791K, committed 155904K, reserved 1245184K
  class space    used 19603K, committed 21504K, reserved 1048576K
}
Event: 3198.464 GC heap before
{Heap before GC invocations=90 (full 0):
 garbage-first heap   total 295936K, used 272638K [0x0000000080000000, 0x0000000100000000)
  region size 1024K, 110 young (112640K), 2 survivors (2048K)
 Metaspace       used 151048K, committed 155904K, reserved 1245184K
  class space    used 19609K, committed 21504K, reserved 1048576K
}
Event: 3198.677 GC heap after
{Heap after GC invocations=91 (full 0):
 garbage-first heap   total 295936K, used 148753K [0x0000000080000000, 0x0000000100000000)
  region size 1024K, 11 young (11264K), 11 survivors (11264K)
 Metaspace       used 151048K, committed 155904K, reserved 1245184K
  class space    used 19609K, committed 21504K, reserved 1048576K
}
Event: 3198.789 GC heap before
{Heap before GC invocations=91 (full 0):
 garbage-first heap   total 295936K, used 151825K [0x0000000080000000, 0x0000000100000000)
  region size 1024K, 15 young (15360K), 11 survivors (11264K)
 Metaspace       used 151048K, committed 155904K, reserved 1245184K
  class space    used 19609K, committed 21504K, reserved 1048576K
}
Event: 3198.888 GC heap after
{Heap after GC invocations=92 (full 0):
 garbage-first heap   total 295936K, used 146858K [0x0000000080000000, 0x0000000100000000)
  region size 1024K, 2 young (2048K), 2 survivors (2048K)
 Metaspace       used 151048K, committed 155904K, reserved 1245184K
  class space    used 19609K, committed 21504K, reserved 1048576K
}
Event: 3213.950 GC heap before
{Heap before GC invocations=92 (full 0):
 garbage-first heap   total 295936K, used 272810K [0x0000000080000000, 0x0000000100000000)
  region size 1024K, 126 young (129024K), 2 survivors (2048K)
 Metaspace       used 151176K, committed 155904K, reserved 1245184K
  class space    used 19609K, committed 21504K, reserved 1048576K
}
Event: 3214.191 GC heap after
{Heap after GC invocations=93 (full 0):
 garbage-first heap   total 295936K, used 150528K [0x0000000080000000, 0x0000000100000000)
  region size 1024K, 6 young (6144K), 6 survivors (6144K)
 Metaspace       used 151176K, committed 155904K, reserved 1245184K
  class space    used 19609K, committed 21504K, reserved 1048576K
}
Event: 3214.437 GC heap before
{Heap before GC invocations=93 (full 0):
 garbage-first heap   total 295936K, used 165888K [0x0000000080000000, 0x0000000100000000)
  region size 1024K, 21 young (21504K), 6 survivors (6144K)
 Metaspace       used 151179K, committed 155904K, reserved 1245184K
  class space    used 19609K, committed 21504K, reserved 1048576K
}
Event: 3214.513 GC heap after
{Heap after GC invocations=94 (full 0):
 garbage-first heap   total 295936K, used 148458K [0x0000000080000000, 0x0000000100000000)
  region size 1024K, 1 young (1024K), 1 survivors (1024K)
 Metaspace       used 151179K, committed 155904K, reserved 1245184K
  class space    used 19609K, committed 21504K, reserved 1048576K
}
Event: 5235.923 GC heap before
{Heap before GC invocations=94 (full 0):
 garbage-first heap   total 295936K, used 293866K [0x0000000080000000, 0x0000000100000000)
  region size 1024K, 102 young (104448K), 1 survivors (1024K)
 Metaspace       used 151376K, committed 155968K, reserved 1245184K
  class space    used 19616K, committed 21504K, reserved 1048576K
}

